<?xml version='1.0' encoding='UTF-8' ?>
<testsuite name="com.example.titans_project.MainActivityTest" tests="1" failures="0" errors="0" skipped="0" time="10.569" timestamp="2024-11-22T02:35:14" hostname="localhost">
  <properties>
    <property name="device" value="Medium_Phone_API_35(AVD) - 15" />
    <property name="flavor" value="" />
    <property name="project" value=":app" />
  </properties>
  <testcase name="testSwitchUserMode" classname="com.example.titans_project.MainActivityTest" time="8.503" />
</testsuite>