<?xml version='1.0' encoding='UTF-8' ?>
<testsuite name="com.example.titans_project.MainActivityTest" tests="1" failures="0" errors="0" skipped="0" time="13.287" timestamp="2024-11-08T22:43:34" hostname="localhost">
  <properties>
    <property name="device" value="Medium_Phone_API_35(AVD) - 15" />
    <property name="flavor" value="" />
    <property name="project" value=":app" />
  </properties>
  <testcase name="testProfileSave" classname="com.example.titans_project.MainActivityTest" time="11.035" />
</testsuite>