<?xml version='1.0' encoding='UTF-8' ?>
<testsuite name="com.example.titans_project.MainActivityTest" tests="4" failures="0" errors="0" skipped="0" time="14.653" timestamp="2024-11-08T21:54:43" hostname="localhost">
  <properties>
    <property name="device" value="Medium_Phone_API_35(AVD) - 15" />
    <property name="flavor" value="" />
    <property name="project" value=":app" />
  </properties>
  <testcase name="testSwitchMode" classname="com.example.titans_project.MainActivityTest" time="4.037" />
  <testcase name="testEventDetail" classname="com.example.titans_project.MainActivityTest" time="1.593" />
  <testcase name="testProfilePage" classname="com.example.titans_project.MainActivityTest" time="2.707" />
  <testcase name="testMyApplication" classname="com.example.titans_project.MainActivityTest" time="2.879" />
</testsuite>